Using pre-set license
Built from '2020.3/staging' branch; Version is '2020.3.26f1 (7298b473bc1a) revision 7510196'; Using compiler version '192528614'; Build Type 'Release'
OS: 'Windows 10  (10.0.19043) 64bit Professional' Language: 'en' Physical Memory: 32111 MB
BatchMode: 1, IsHumanControllingUs: 0, StartBugReporterOnCrash: 0, Is64bit: 1, IsPro: 0

COMMAND LINE ARGUMENTS:
C:\Program Files\Unity\Hub\Editor\2020.3.26f1\Editor\Unity.exe
-adb2
-batchMode
-noUpm
-name
AssetImportWorker0
-projectPath
C:/Users/Sammy/source/repos/CapstoneSimmulator/SolarSystemSimmulator
-logFile
Logs/AssetImportWorker0.log
-srvPort
57062
Successfully changed project path to: C:/Users/Sammy/source/repos/CapstoneSimmulator/SolarSystemSimmulator
C:/Users/Sammy/source/repos/CapstoneSimmulator/SolarSystemSimmulator
Using Asset Import Pipeline V2.
Refreshing native plugins compatible for Editor in 152.26 ms, found 10 plugins.
Preloading 1 native plugins for Editor in 2.11 ms.
Initialize engine version: 2020.3.26f1 (7298b473bc1a)
[Subsystems] Discovering subsystems at path C:/Program Files/Unity/Hub/Editor/2020.3.26f1/Editor/Data/Resources/UnitySubsystems
[Subsystems] Discovering subsystems at path C:/Users/Sammy/source/repos/CapstoneSimmulator/SolarSystemSimmulator/Assets
GfxDevice: creating device client; threaded=0
Direct3D:
    Version:  Direct3D 11.0 [level 11.1]
    Renderer: NVIDIA Quadro P2000 with Max-Q Design (ID=0x1cba)
    Vendor:   
    VRAM:     4018 MB
    Driver:   30.0.14.7234
Initialize mono
Mono path[0] = 'C:/Program Files/Unity/Hub/Editor/2020.3.26f1/Editor/Data/Managed'
Mono path[1] = 'C:/Program Files/Unity/Hub/Editor/2020.3.26f1/Editor/Data/MonoBleedingEdge/lib/mono/unityjit'
Mono config path = 'C:/Program Files/Unity/Hub/Editor/2020.3.26f1/Editor/Data/MonoBleedingEdge/etc'
Using monoOptions --debugger-agent=transport=dt_socket,embedding=1,server=y,suspend=n,address=127.0.0.1:56952
Begin MonoManager ReloadAssembly
Registering precompiled unity dll's ...
Register platform support module: C:/Program Files/Unity/Hub/Editor/2020.3.26f1/Editor/Data/PlaybackEngines/WebGLSupport/UnityEditor.WebGL.Extensions.dll
Register platform support module: C:/Program Files/Unity/Hub/Editor/2020.3.26f1/Editor/Data/PlaybackEngines/WindowsStandaloneSupport/UnityEditor.WindowsStandalone.Extensions.dll
Registered in 0.006497 seconds.
Native extension for WindowsStandalone target not found
Native extension for WebGL target not found
Refreshing native plugins compatible for Editor in 112.75 ms, found 10 plugins.
Preloading 1 native plugins for Editor in 0.21 ms.
Mono: successfully reloaded assembly
- Completed reload, in  1.601 seconds
Domain Reload Profiling:
	ReloadAssembly (1602ms)
		BeginReloadAssembly (141ms)
			ExecutionOrderSort (0ms)
			DisableScriptedObjects (0ms)
			BackupInstance (0ms)
			ReleaseScriptingObjects (0ms)
			CreateAndSetChildDomain (2ms)
		EndReloadAssembly (1269ms)
			LoadAssemblies (136ms)
			RebuildTransferFunctionScriptingTraits (0ms)
			SetupTypeCache (393ms)
			ReleaseScriptCaches (0ms)
			RebuildScriptCaches (112ms)
			SetupLoadedEditorAssemblies (456ms)
				LogAssemblyErrors (0ms)
				InitializePlatformSupportModulesInManaged (16ms)
				SetLoadedEditorAssemblies (1ms)
				RefreshPlugins (113ms)
				BeforeProcessingInitializeOnLoad (18ms)
				ProcessInitializeOnLoadAttributes (203ms)
				ProcessInitializeOnLoadMethodAttributes (104ms)
				AfterProcessingInitializeOnLoad (0ms)
				EditorAssembliesLoaded (1ms)
			ExecutionOrderSort2 (0ms)
			AwakeInstancesAfterBackupRestoration (0ms)
Platform modules already initialized, skipping
Registering precompiled user dll's ...
Registered in 0.028238 seconds.
Begin MonoManager ReloadAssembly
Native extension for WindowsStandalone target not found
Native extension for WebGL target not found
Refreshing native plugins compatible for Editor in 98.54 ms, found 10 plugins.
Preloading 1 native plugins for Editor in 0.19 ms.
[XR] OculusXRPlugin: registering subsystems
[XR] Unable to register display lifecyle provider: [1]
[XR] Oculus Input lifecycle provider registered.
[XR] Unable to register input lifecyle provider: [1]
System.Reflection.TargetInvocationException: Exception has been thrown by the target of an invocation. ---> System.NullReferenceException: Object reference not set to an instance of an object
  at Unity.XR.Oculus.OculusLoader.AssetPathToAbsolutePath (System.String assetPath) [0x00048] in C:\Users\Sammy\source\repos\CapstoneSimmulator\SolarSystemSimmulator\Library\PackageCache\com.unity.xr.oculus@1.11.2\Runtime\OculusLoader.cs:250 
  at Unity.XR.Oculus.OculusLoader.EditorLoadOVRPlugin () [0x0007b] in C:\Users\Sammy\source\repos\CapstoneSimmulator\SolarSystemSimmulator\Library\PackageCache\com.unity.xr.oculus@1.11.2\Runtime\OculusLoader.cs:235 
  at (wrapper managed-to-native) System.Reflection.MonoMethod.InternalInvoke(System.Reflection.MonoMethod,object,object[],System.Exception&)
  at System.Reflection.MonoMethod.Invoke (System.Object obj, System.Reflection.BindingFlags invokeAttr, System.Reflection.Binder binder, System.Object[] parameters, System.Globalization.CultureInfo culture) [0x00032] in <695d1cc93cca45069c528c15c9fdd749>:0 
   --- End of inner exception stack trace ---
  at System.Reflection.MonoMethod.Invoke (System.Object obj, System.Reflection.BindingFlags invokeAttr, System.Reflection.Binder binder, System.Object[] parameters, System.Globalization.CultureInfo culture) [0x00048] in <695d1cc93cca45069c528c15c9fdd749>:0 
  at System.Reflection.MethodBase.Invoke (System.Object obj, System.Object[] parameters) [0x00000] in <695d1cc93cca45069c528c15c9fdd749>:0 
  at UnityEditor.EditorAssemblies.ProcessInitializeOnLoadMethodAttributes () [0x00047] in <55729f52d042492e9efc384182ae2feb>:0 
UnityEngine.StackTraceUtility:ExtractStackTrace ()
UnityEngine.DebugLogHandler:LogFormat (UnityEngine.LogType,UnityEngine.Object,string,object[])
UnityEngine.Logger:Log (UnityEngine.LogType,object)
UnityEngine.Debug:LogError (object)
UnityEditor.EditorAssemblies:ProcessInitializeOnLoadMethodAttributes ()

Mono: successfully reloaded assembly
- Completed reload, in  3.064 seconds
Domain Reload Profiling:
	ReloadAssembly (3066ms)
		BeginReloadAssembly (438ms)
			ExecutionOrderSort (0ms)
			DisableScriptedObjects (12ms)
			BackupInstance (0ms)
			ReleaseScriptingObjects (0ms)
			CreateAndSetChildDomain (41ms)
		EndReloadAssembly (2422ms)
			LoadAssemblies (283ms)
			RebuildTransferFunctionScriptingTraits (0ms)
			SetupTypeCache (803ms)
			ReleaseScriptCaches (1ms)
			RebuildScriptCaches (114ms)
			SetupLoadedEditorAssemblies (943ms)
				LogAssemblyErrors (0ms)
				InitializePlatformSupportModulesInManaged (9ms)
				SetLoadedEditorAssemblies (0ms)
				RefreshPlugins (99ms)
				BeforeProcessingInitializeOnLoad (176ms)
				ProcessInitializeOnLoadAttributes (585ms)
				ProcessInitializeOnLoadMethodAttributes (54ms)
				AfterProcessingInitializeOnLoad (18ms)
				EditorAssembliesLoaded (0ms)
			ExecutionOrderSort2 (0ms)
			AwakeInstancesAfterBackupRestoration (13ms)
Platform modules already initialized, skipping
========================================================================
Worker process is ready to serve import requests
Launched and connected shader compiler UnityShaderCompiler.exe after 0.20 seconds
Refreshing native plugins compatible for Editor in 2.93 ms, found 10 plugins.
Preloading 1 native plugins for Editor in 0.43 ms.
Unloading 2011 Unused Serialized files (Serialized files now loaded: 0)
System memory in use before: 86.0 MB.
System memory in use after: 86.1 MB.

Unloading 40 unused Assets to reduce memory usage. Loaded Objects now: 2428.
Total: 12.235300 ms (FindLiveObjects: 0.622900 ms CreateObjectMapping: 0.349200 ms MarkObjects: 11.028200 ms  DeleteObjects: 0.231300 ms)

AssetImportParameters requested are different than current active one (requested -> active):
  custom:framework-win-MediaFoundation: 216162199b28c13a410421893ffa2e32 -> 
  custom:video-decoder-ogg-theora: a1e56fd34408186e4bbccfd4996cb3dc -> 
  custom:container-muxer-webm: aa71ff27fc2769a1b78a27578f13a17b -> 
  custom:container-demuxer-webm: 4f35f7cbe854078d1ac9338744f61a02 -> 
  custom:container-demuxer-ogg: 62fdf1f143b41e24485cea50d1cbac27 -> 
  custom:video-encoder-webm-vp8: eb34c28f22e8b96e1ab97ce403110664 -> 
  custom:video-decoder-webm-vp8: 9c59270c3fd7afecdb556c50c9e8de78 -> 
  custom:audio-decoder-ogg-vorbis: bf7c407c2cedff20999df2af8eb42d56 -> 
  custom:audio-encoder-webm-vorbis: bf7c407c2cedff20999df2af8eb42d56 -> 
========================================================================
Received Import Request.
  path: Assets/Textures/New Lighting Settings.lighting
  artifactKey: Guid(f5c7a0b9a479c334eb6fb9c56b784fd6) Importer(815301076,1909f56bfc062723c751e8b465ee728b)
Start importing Assets/Textures/New Lighting Settings.lighting using Guid(f5c7a0b9a479c334eb6fb9c56b784fd6) Importer(815301076,1909f56bfc062723c751e8b465ee728b)  -> (artifact id: '2b82ede544f13fa21dbb7774d524f452') in 0.258691 seconds 
  Import took 0.272248 seconds .

========================================================================
Received Import Request.
  Time since last request: 255.929636 seconds.
  path: Assets/Materials/earthmap1k.mat
  artifactKey: Guid(00e98d06a0f06ea4a936914bf462af30) Importer(815301076,1909f56bfc062723c751e8b465ee728b)
Start importing Assets/Materials/earthmap1k.mat using Guid(00e98d06a0f06ea4a936914bf462af30) Importer(815301076,1909f56bfc062723c751e8b465ee728b)  -> (artifact id: 'd99ba5b34984e786425b2b05157f2b8b') in 0.361644 seconds 
  Import took 0.375730 seconds .

========================================================================
Received Import Request.
  Time since last request: 0.001027 seconds.
  path: Assets/Materials/sunmap.mat
  artifactKey: Guid(3fd165471d3ccfe4b94f0c48f36f35d0) Importer(815301076,1909f56bfc062723c751e8b465ee728b)
Start importing Assets/Materials/sunmap.mat using Guid(3fd165471d3ccfe4b94f0c48f36f35d0) Importer(815301076,1909f56bfc062723c751e8b465ee728b)  -> (artifact id: 'c1998d9d174d326bb16d404b4eab5e75') in 0.072075 seconds 
  Import took 0.086948 seconds .

========================================================================
Received Import Request.
  Time since last request: 0.000858 seconds.
  path: Assets/Materials/mars_1k_color.mat
  artifactKey: Guid(fb4cc8fc8819c8a44a54f09f85ce3be4) Importer(815301076,1909f56bfc062723c751e8b465ee728b)
Start importing Assets/Materials/mars_1k_color.mat using Guid(fb4cc8fc8819c8a44a54f09f85ce3be4) Importer(815301076,1909f56bfc062723c751e8b465ee728b)  -> (artifact id: 'ec424049ae9c70587b55cd8f7927a29e') in 0.066044 seconds 
  Import took 0.081480 seconds .

========================================================================
Received Import Request.
  Time since last request: 0.000915 seconds.
  path: Assets/Materials/jupitermap.mat
  artifactKey: Guid(2b80bf81500757c428fb397a4ea0a358) Importer(815301076,1909f56bfc062723c751e8b465ee728b)
Start importing Assets/Materials/jupitermap.mat using Guid(2b80bf81500757c428fb397a4ea0a358) Importer(815301076,1909f56bfc062723c751e8b465ee728b)  -> (artifact id: '8b564e4ef96e4c318bd70abb9e03d9c3') in 0.060054 seconds 
  Import took 0.072194 seconds .

========================================================================
Received Import Request.
  Time since last request: 0.001024 seconds.
  path: Assets/Materials/mercurymap.mat
  artifactKey: Guid(18d4d347c635ceb4e8ac0e409e4542c3) Importer(815301076,1909f56bfc062723c751e8b465ee728b)
Start importing Assets/Materials/mercurymap.mat using Guid(18d4d347c635ceb4e8ac0e409e4542c3) Importer(815301076,1909f56bfc062723c751e8b465ee728b)  -> (artifact id: 'bb9dbece7d57e91ff7e4537d28f48045') in 0.064941 seconds 
  Import took 0.083239 seconds .

========================================================================
Received Import Request.
  Time since last request: 0.000998 seconds.
  path: Assets/Materials/venusmap.mat
  artifactKey: Guid(5974e1706fc49ee4cb31eecdcec18acf) Importer(815301076,1909f56bfc062723c751e8b465ee728b)
Start importing Assets/Materials/venusmap.mat using Guid(5974e1706fc49ee4cb31eecdcec18acf) Importer(815301076,1909f56bfc062723c751e8b465ee728b)  -> (artifact id: 'c4bb34a4653cc93ab0cbd9e4b55a7f58') in 0.045018 seconds 
  Import took 0.056632 seconds .

========================================================================
Received Import Request.
  Time since last request: 66.658638 seconds.
  path: Assets/Materials/New Material.mat
  artifactKey: Guid(1e5a9606098e66e4bbc73480dfa85846) Importer(815301076,1909f56bfc062723c751e8b465ee728b)
Start importing Assets/Materials/New Material.mat using Guid(1e5a9606098e66e4bbc73480dfa85846) Importer(815301076,1909f56bfc062723c751e8b465ee728b)  -> (artifact id: '97b04b894719fb5ab3ad47c25272ab0b') in 0.029427 seconds 
  Import took 0.035042 seconds .

========================================================================
Received Import Request.
  Time since last request: 70.722690 seconds.
  path: Assets/Materials/space.mat
  artifactKey: Guid(1e5a9606098e66e4bbc73480dfa85846) Importer(815301076,1909f56bfc062723c751e8b465ee728b)
Start importing Assets/Materials/space.mat using Guid(1e5a9606098e66e4bbc73480dfa85846) Importer(815301076,1909f56bfc062723c751e8b465ee728b)  -> (artifact id: 'df4f89f659c8ba77c222d6e0456aaa3c') in 0.045963 seconds 
  Import took 0.055293 seconds .

========================================================================
Received Import Request.
  Time since last request: 1226.277205 seconds.
  path: Assets/Materials/space.mat
  artifactKey: Guid(1e5a9606098e66e4bbc73480dfa85846) Importer(815301076,1909f56bfc062723c751e8b465ee728b)
Start importing Assets/Materials/space.mat using Guid(1e5a9606098e66e4bbc73480dfa85846) Importer(815301076,1909f56bfc062723c751e8b465ee728b)  -> (artifact id: 'a01e8e1145e371aba6a19054fe611e5d') in 0.067928 seconds 
  Import took 0.083849 seconds .

AssetImportWorkerClient::OnTransportError - code=2 error=End of file
